{"message":"Server listening on port 4000","level":"info"}
info: Server listening on port 4000
info: Server listening on port 4000
info: Server listening on port 4000
info: log from router
info: log from router
{"message":"Server listening on port 4000","level":"info"}
[]
info: Server listening on port 4000
info: log from router
info: Server listening on port 4000
[2019-09-03T07:27:31.147Z] info Server listening on port 4000
[2019-09-03T07:27:59.429Z]  Server listening on port 4000
[2019-09-03T07:28:03.481Z] info Server listening on port 4000
[2019-09-03T07:30:02.434Z] info Server listening on port 4000
[2019-09-03T07:30:06.710Z] info Server listening on port 4000
[2019-09-03T07:31:46.875Z] info Server listening on port 4000
[2019-09-03T07:31:53.365Z] info log from router
[2019-09-03T07:31:53.366Z] info /log
[2019-09-03T07:31:58.044Z] info log from router
[2019-09-03T07:31:58.044Z] info /log
[2019-09-03T07:32:54.198Z] info Server listening on port 4000
[2019-09-03T07:33:07.115Z] info log from router
[2019-09-03T07:33:07.116Z] info /log
[2019-09-03T07:33:07.117Z] error summa
[2019-09-03T09:44:00.563Z] info Server listening on port 4000
[2019-09-03T09:44:12.897Z] info Server listening on port 4000
[2019-09-03T09:44:20.732Z] info Server listening on port 4000
[2019-09-03T09:45:19.635Z] info Server listening on port 4000
[2019-09-03T09:45:36.670Z] info Server listening on port 4000
[2019-09-03T09:45:38.049Z] info log from router
[2019-09-03T09:45:38.050Z] info /log
[2019-09-03T09:45:38.050Z] error summa
